Determining if the pthread_create exist failed with the following output:
Change Dir: /home/swarmie/RMC/build/rosserial_embeddedlinux/CMakeFiles/CMakeTmp

Run Build Command:"/usr/bin/make" "cmTC_cab6d/fast"
/usr/bin/make -f CMakeFiles/cmTC_cab6d.dir/build.make CMakeFiles/cmTC_cab6d.dir/build
make[1]: Entering directory '/home/swarmie/RMC/build/rosserial_embeddedlinux/CMakeFiles/CMakeTmp'
Building C object CMakeFiles/cmTC_cab6d.dir/CheckSymbolExists.c.o
/usr/bin/cc     -o CMakeFiles/cmTC_cab6d.dir/CheckSymbolExists.c.o   -c /home/swarmie/RMC/build/rosserial_embeddedlinux/CMakeFiles/CMakeTmp/CheckSymbolExists.c
Linking C executable cmTC_cab6d
/usr/bin/cmake -E cmake_link_script CMakeFiles/cmTC_cab6d.dir/link.txt --verbose=1
/usr/bin/cc       CMakeFiles/cmTC_cab6d.dir/CheckSymbolExists.c.o  -o cmTC_cab6d -rdynamic 
CMakeFiles/cmTC_cab6d.dir/CheckSymbolExists.c.o: In function `main':
CheckSymbolExists.c:(.text+0x16): undefined reference to `pthread_create'
collect2: error: ld returned 1 exit status
CMakeFiles/cmTC_cab6d.dir/build.make:97: recipe for target 'cmTC_cab6d' failed
make[1]: *** [cmTC_cab6d] Error 1
make[1]: Leaving directory '/home/swarmie/RMC/build/rosserial_embeddedlinux/CMakeFiles/CMakeTmp'
Makefile:126: recipe for target 'cmTC_cab6d/fast' failed
make: *** [cmTC_cab6d/fast] Error 2

File /home/swarmie/RMC/build/rosserial_embeddedlinux/CMakeFiles/CMakeTmp/CheckSymbolExists.c:
/* */
#include <pthread.h>

int main(int argc, char** argv)
{
  (void)argv;
#ifndef pthread_create
  return ((int*)(&pthread_create))[argc];
#else
  (void)argc;
  return 0;
#endif
}

Determining if the function pthread_create exists in the pthreads failed with the following output:
Change Dir: /home/swarmie/RMC/build/rosserial_embeddedlinux/CMakeFiles/CMakeTmp

Run Build Command:"/usr/bin/make" "cmTC_ef34d/fast"
/usr/bin/make -f CMakeFiles/cmTC_ef34d.dir/build.make CMakeFiles/cmTC_ef34d.dir/build
make[1]: Entering directory '/home/swarmie/RMC/build/rosserial_embeddedlinux/CMakeFiles/CMakeTmp'
Building C object CMakeFiles/cmTC_ef34d.dir/CheckFunctionExists.c.o
/usr/bin/cc    -DCHECK_FUNCTION_EXISTS=pthread_create   -o CMakeFiles/cmTC_ef34d.dir/CheckFunctionExists.c.o   -c /usr/share/cmake-3.5/Modules/CheckFunctionExists.c
Linking C executable cmTC_ef34d
/usr/bin/cmake -E cmake_link_script CMakeFiles/cmTC_ef34d.dir/link.txt --verbose=1
/usr/bin/cc   -DCHECK_FUNCTION_EXISTS=pthread_create    CMakeFiles/cmTC_ef34d.dir/CheckFunctionExists.c.o  -o cmTC_ef34d -rdynamic -lpthreads 
/usr/bin/ld: cannot find -lpthreads
collect2: error: ld returned 1 exit status
CMakeFiles/cmTC_ef34d.dir/build.make:97: recipe for target 'cmTC_ef34d' failed
make[1]: *** [cmTC_ef34d] Error 1
make[1]: Leaving directory '/home/swarmie/RMC/build/rosserial_embeddedlinux/CMakeFiles/CMakeTmp'
Makefile:126: recipe for target 'cmTC_ef34d/fast' failed
make: *** [cmTC_ef34d/fast] Error 2


