Determining if the pthread_create exist failed with the following output:
Change Dir: /home/swarmie/RMC/build/rosserial_mbed/CMakeFiles/CMakeTmp

Run Build Command:"/usr/bin/make" "cmTC_8d46b/fast"
/usr/bin/make -f CMakeFiles/cmTC_8d46b.dir/build.make CMakeFiles/cmTC_8d46b.dir/build
make[1]: Entering directory '/home/swarmie/RMC/build/rosserial_mbed/CMakeFiles/CMakeTmp'
Building C object CMakeFiles/cmTC_8d46b.dir/CheckSymbolExists.c.o
/usr/bin/cc     -o CMakeFiles/cmTC_8d46b.dir/CheckSymbolExists.c.o   -c /home/swarmie/RMC/build/rosserial_mbed/CMakeFiles/CMakeTmp/CheckSymbolExists.c
Linking C executable cmTC_8d46b
/usr/bin/cmake -E cmake_link_script CMakeFiles/cmTC_8d46b.dir/link.txt --verbose=1
/usr/bin/cc       CMakeFiles/cmTC_8d46b.dir/CheckSymbolExists.c.o  -o cmTC_8d46b -rdynamic 
CMakeFiles/cmTC_8d46b.dir/CheckSymbolExists.c.o: In function `main':
CheckSymbolExists.c:(.text+0x16): undefined reference to `pthread_create'
collect2: error: ld returned 1 exit status
CMakeFiles/cmTC_8d46b.dir/build.make:97: recipe for target 'cmTC_8d46b' failed
make[1]: *** [cmTC_8d46b] Error 1
make[1]: Leaving directory '/home/swarmie/RMC/build/rosserial_mbed/CMakeFiles/CMakeTmp'
Makefile:126: recipe for target 'cmTC_8d46b/fast' failed
make: *** [cmTC_8d46b/fast] Error 2

File /home/swarmie/RMC/build/rosserial_mbed/CMakeFiles/CMakeTmp/CheckSymbolExists.c:
/* */
#include <pthread.h>

int main(int argc, char** argv)
{
  (void)argv;
#ifndef pthread_create
  return ((int*)(&pthread_create))[argc];
#else
  (void)argc;
  return 0;
#endif
}

Determining if the function pthread_create exists in the pthreads failed with the following output:
Change Dir: /home/swarmie/RMC/build/rosserial_mbed/CMakeFiles/CMakeTmp

Run Build Command:"/usr/bin/make" "cmTC_e83c7/fast"
/usr/bin/make -f CMakeFiles/cmTC_e83c7.dir/build.make CMakeFiles/cmTC_e83c7.dir/build
make[1]: Entering directory '/home/swarmie/RMC/build/rosserial_mbed/CMakeFiles/CMakeTmp'
Building C object CMakeFiles/cmTC_e83c7.dir/CheckFunctionExists.c.o
/usr/bin/cc    -DCHECK_FUNCTION_EXISTS=pthread_create   -o CMakeFiles/cmTC_e83c7.dir/CheckFunctionExists.c.o   -c /usr/share/cmake-3.5/Modules/CheckFunctionExists.c
Linking C executable cmTC_e83c7
/usr/bin/cmake -E cmake_link_script CMakeFiles/cmTC_e83c7.dir/link.txt --verbose=1
/usr/bin/cc   -DCHECK_FUNCTION_EXISTS=pthread_create    CMakeFiles/cmTC_e83c7.dir/CheckFunctionExists.c.o  -o cmTC_e83c7 -rdynamic -lpthreads 
/usr/bin/ld: cannot find -lpthreads
collect2: error: ld returned 1 exit status
CMakeFiles/cmTC_e83c7.dir/build.make:97: recipe for target 'cmTC_e83c7' failed
make[1]: *** [cmTC_e83c7] Error 1
make[1]: Leaving directory '/home/swarmie/RMC/build/rosserial_mbed/CMakeFiles/CMakeTmp'
Makefile:126: recipe for target 'cmTC_e83c7/fast' failed
make: *** [cmTC_e83c7/fast] Error 2


