Determining if the pthread_create exist failed with the following output:
Change Dir: /home/swarmie/RMC/build/rosserial_msgs/CMakeFiles/CMakeTmp

Run Build Command:"/usr/bin/make" "cmTC_e4dda/fast"
/usr/bin/make -f CMakeFiles/cmTC_e4dda.dir/build.make CMakeFiles/cmTC_e4dda.dir/build
make[1]: Entering directory '/home/swarmie/RMC/build/rosserial_msgs/CMakeFiles/CMakeTmp'
Building C object CMakeFiles/cmTC_e4dda.dir/CheckSymbolExists.c.o
/usr/bin/cc     -o CMakeFiles/cmTC_e4dda.dir/CheckSymbolExists.c.o   -c /home/swarmie/RMC/build/rosserial_msgs/CMakeFiles/CMakeTmp/CheckSymbolExists.c
Linking C executable cmTC_e4dda
/usr/bin/cmake -E cmake_link_script CMakeFiles/cmTC_e4dda.dir/link.txt --verbose=1
/usr/bin/cc       CMakeFiles/cmTC_e4dda.dir/CheckSymbolExists.c.o  -o cmTC_e4dda -rdynamic 
CMakeFiles/cmTC_e4dda.dir/CheckSymbolExists.c.o: In function `main':
CheckSymbolExists.c:(.text+0x16): undefined reference to `pthread_create'
collect2: error: ld returned 1 exit status
CMakeFiles/cmTC_e4dda.dir/build.make:97: recipe for target 'cmTC_e4dda' failed
make[1]: *** [cmTC_e4dda] Error 1
make[1]: Leaving directory '/home/swarmie/RMC/build/rosserial_msgs/CMakeFiles/CMakeTmp'
Makefile:126: recipe for target 'cmTC_e4dda/fast' failed
make: *** [cmTC_e4dda/fast] Error 2

File /home/swarmie/RMC/build/rosserial_msgs/CMakeFiles/CMakeTmp/CheckSymbolExists.c:
/* */
#include <pthread.h>

int main(int argc, char** argv)
{
  (void)argv;
#ifndef pthread_create
  return ((int*)(&pthread_create))[argc];
#else
  (void)argc;
  return 0;
#endif
}

Determining if the function pthread_create exists in the pthreads failed with the following output:
Change Dir: /home/swarmie/RMC/build/rosserial_msgs/CMakeFiles/CMakeTmp

Run Build Command:"/usr/bin/make" "cmTC_fcda5/fast"
/usr/bin/make -f CMakeFiles/cmTC_fcda5.dir/build.make CMakeFiles/cmTC_fcda5.dir/build
make[1]: Entering directory '/home/swarmie/RMC/build/rosserial_msgs/CMakeFiles/CMakeTmp'
Building C object CMakeFiles/cmTC_fcda5.dir/CheckFunctionExists.c.o
/usr/bin/cc    -DCHECK_FUNCTION_EXISTS=pthread_create   -o CMakeFiles/cmTC_fcda5.dir/CheckFunctionExists.c.o   -c /usr/share/cmake-3.5/Modules/CheckFunctionExists.c
Linking C executable cmTC_fcda5
/usr/bin/cmake -E cmake_link_script CMakeFiles/cmTC_fcda5.dir/link.txt --verbose=1
/usr/bin/cc   -DCHECK_FUNCTION_EXISTS=pthread_create    CMakeFiles/cmTC_fcda5.dir/CheckFunctionExists.c.o  -o cmTC_fcda5 -rdynamic -lpthreads 
/usr/bin/ld: cannot find -lpthreads
collect2: error: ld returned 1 exit status
CMakeFiles/cmTC_fcda5.dir/build.make:97: recipe for target 'cmTC_fcda5' failed
make[1]: *** [cmTC_fcda5] Error 1
make[1]: Leaving directory '/home/swarmie/RMC/build/rosserial_msgs/CMakeFiles/CMakeTmp'
Makefile:126: recipe for target 'cmTC_fcda5/fast' failed
make: *** [cmTC_fcda5/fast] Error 2


