Determining if the pthread_create exist failed with the following output:
Change Dir: /home/swarmie/RMC/build/rosserial_client/CMakeFiles/CMakeTmp

Run Build Command:"/usr/bin/make" "cmTC_71f09/fast"
/usr/bin/make -f CMakeFiles/cmTC_71f09.dir/build.make CMakeFiles/cmTC_71f09.dir/build
make[1]: Entering directory '/home/swarmie/RMC/build/rosserial_client/CMakeFiles/CMakeTmp'
Building C object CMakeFiles/cmTC_71f09.dir/CheckSymbolExists.c.o
/usr/bin/cc     -o CMakeFiles/cmTC_71f09.dir/CheckSymbolExists.c.o   -c /home/swarmie/RMC/build/rosserial_client/CMakeFiles/CMakeTmp/CheckSymbolExists.c
Linking C executable cmTC_71f09
/usr/bin/cmake -E cmake_link_script CMakeFiles/cmTC_71f09.dir/link.txt --verbose=1
/usr/bin/cc       CMakeFiles/cmTC_71f09.dir/CheckSymbolExists.c.o  -o cmTC_71f09 -rdynamic 
CMakeFiles/cmTC_71f09.dir/CheckSymbolExists.c.o: In function `main':
CheckSymbolExists.c:(.text+0x16): undefined reference to `pthread_create'
collect2: error: ld returned 1 exit status
CMakeFiles/cmTC_71f09.dir/build.make:97: recipe for target 'cmTC_71f09' failed
make[1]: *** [cmTC_71f09] Error 1
make[1]: Leaving directory '/home/swarmie/RMC/build/rosserial_client/CMakeFiles/CMakeTmp'
Makefile:126: recipe for target 'cmTC_71f09/fast' failed
make: *** [cmTC_71f09/fast] Error 2

File /home/swarmie/RMC/build/rosserial_client/CMakeFiles/CMakeTmp/CheckSymbolExists.c:
/* */
#include <pthread.h>

int main(int argc, char** argv)
{
  (void)argv;
#ifndef pthread_create
  return ((int*)(&pthread_create))[argc];
#else
  (void)argc;
  return 0;
#endif
}

Determining if the function pthread_create exists in the pthreads failed with the following output:
Change Dir: /home/swarmie/RMC/build/rosserial_client/CMakeFiles/CMakeTmp

Run Build Command:"/usr/bin/make" "cmTC_89559/fast"
/usr/bin/make -f CMakeFiles/cmTC_89559.dir/build.make CMakeFiles/cmTC_89559.dir/build
make[1]: Entering directory '/home/swarmie/RMC/build/rosserial_client/CMakeFiles/CMakeTmp'
Building C object CMakeFiles/cmTC_89559.dir/CheckFunctionExists.c.o
/usr/bin/cc    -DCHECK_FUNCTION_EXISTS=pthread_create   -o CMakeFiles/cmTC_89559.dir/CheckFunctionExists.c.o   -c /usr/share/cmake-3.5/Modules/CheckFunctionExists.c
Linking C executable cmTC_89559
/usr/bin/cmake -E cmake_link_script CMakeFiles/cmTC_89559.dir/link.txt --verbose=1
/usr/bin/cc   -DCHECK_FUNCTION_EXISTS=pthread_create    CMakeFiles/cmTC_89559.dir/CheckFunctionExists.c.o  -o cmTC_89559 -rdynamic -lpthreads 
/usr/bin/ld: cannot find -lpthreads
collect2: error: ld returned 1 exit status
CMakeFiles/cmTC_89559.dir/build.make:97: recipe for target 'cmTC_89559' failed
make[1]: *** [cmTC_89559] Error 1
make[1]: Leaving directory '/home/swarmie/RMC/build/rosserial_client/CMakeFiles/CMakeTmp'
Makefile:126: recipe for target 'cmTC_89559/fast' failed
make: *** [cmTC_89559/fast] Error 2


