Determining if the pthread_create exist failed with the following output:
Change Dir: /home/swarmie/RMC/build/rosserial_windows/CMakeFiles/CMakeTmp

Run Build Command:"/usr/bin/make" "cmTC_7297c/fast"
/usr/bin/make -f CMakeFiles/cmTC_7297c.dir/build.make CMakeFiles/cmTC_7297c.dir/build
make[1]: Entering directory '/home/swarmie/RMC/build/rosserial_windows/CMakeFiles/CMakeTmp'
Building C object CMakeFiles/cmTC_7297c.dir/CheckSymbolExists.c.o
/usr/bin/cc     -o CMakeFiles/cmTC_7297c.dir/CheckSymbolExists.c.o   -c /home/swarmie/RMC/build/rosserial_windows/CMakeFiles/CMakeTmp/CheckSymbolExists.c
Linking C executable cmTC_7297c
/usr/bin/cmake -E cmake_link_script CMakeFiles/cmTC_7297c.dir/link.txt --verbose=1
/usr/bin/cc       CMakeFiles/cmTC_7297c.dir/CheckSymbolExists.c.o  -o cmTC_7297c -rdynamic 
CMakeFiles/cmTC_7297c.dir/CheckSymbolExists.c.o: In function `main':
CheckSymbolExists.c:(.text+0x16): undefined reference to `pthread_create'
collect2: error: ld returned 1 exit status
CMakeFiles/cmTC_7297c.dir/build.make:97: recipe for target 'cmTC_7297c' failed
make[1]: *** [cmTC_7297c] Error 1
make[1]: Leaving directory '/home/swarmie/RMC/build/rosserial_windows/CMakeFiles/CMakeTmp'
Makefile:126: recipe for target 'cmTC_7297c/fast' failed
make: *** [cmTC_7297c/fast] Error 2

File /home/swarmie/RMC/build/rosserial_windows/CMakeFiles/CMakeTmp/CheckSymbolExists.c:
/* */
#include <pthread.h>

int main(int argc, char** argv)
{
  (void)argv;
#ifndef pthread_create
  return ((int*)(&pthread_create))[argc];
#else
  (void)argc;
  return 0;
#endif
}

Determining if the function pthread_create exists in the pthreads failed with the following output:
Change Dir: /home/swarmie/RMC/build/rosserial_windows/CMakeFiles/CMakeTmp

Run Build Command:"/usr/bin/make" "cmTC_f70e7/fast"
/usr/bin/make -f CMakeFiles/cmTC_f70e7.dir/build.make CMakeFiles/cmTC_f70e7.dir/build
make[1]: Entering directory '/home/swarmie/RMC/build/rosserial_windows/CMakeFiles/CMakeTmp'
Building C object CMakeFiles/cmTC_f70e7.dir/CheckFunctionExists.c.o
/usr/bin/cc    -DCHECK_FUNCTION_EXISTS=pthread_create   -o CMakeFiles/cmTC_f70e7.dir/CheckFunctionExists.c.o   -c /usr/share/cmake-3.5/Modules/CheckFunctionExists.c
Linking C executable cmTC_f70e7
/usr/bin/cmake -E cmake_link_script CMakeFiles/cmTC_f70e7.dir/link.txt --verbose=1
/usr/bin/cc   -DCHECK_FUNCTION_EXISTS=pthread_create    CMakeFiles/cmTC_f70e7.dir/CheckFunctionExists.c.o  -o cmTC_f70e7 -rdynamic -lpthreads 
/usr/bin/ld: cannot find -lpthreads
collect2: error: ld returned 1 exit status
CMakeFiles/cmTC_f70e7.dir/build.make:97: recipe for target 'cmTC_f70e7' failed
make[1]: *** [cmTC_f70e7] Error 1
make[1]: Leaving directory '/home/swarmie/RMC/build/rosserial_windows/CMakeFiles/CMakeTmp'
Makefile:126: recipe for target 'cmTC_f70e7/fast' failed
make: *** [cmTC_f70e7/fast] Error 2


