Determining if the pthread_create exist failed with the following output:
Change Dir: /home/swarmie/RMC/build/rosserial_arduino/CMakeFiles/CMakeTmp

Run Build Command:"/usr/bin/make" "cmTC_735bd/fast"
/usr/bin/make -f CMakeFiles/cmTC_735bd.dir/build.make CMakeFiles/cmTC_735bd.dir/build
make[1]: Entering directory '/home/swarmie/RMC/build/rosserial_arduino/CMakeFiles/CMakeTmp'
Building C object CMakeFiles/cmTC_735bd.dir/CheckSymbolExists.c.o
/usr/bin/cc     -o CMakeFiles/cmTC_735bd.dir/CheckSymbolExists.c.o   -c /home/swarmie/RMC/build/rosserial_arduino/CMakeFiles/CMakeTmp/CheckSymbolExists.c
Linking C executable cmTC_735bd
/usr/bin/cmake -E cmake_link_script CMakeFiles/cmTC_735bd.dir/link.txt --verbose=1
/usr/bin/cc       CMakeFiles/cmTC_735bd.dir/CheckSymbolExists.c.o  -o cmTC_735bd -rdynamic 
CMakeFiles/cmTC_735bd.dir/CheckSymbolExists.c.o: In function `main':
CheckSymbolExists.c:(.text+0x16): undefined reference to `pthread_create'
collect2: error: ld returned 1 exit status
CMakeFiles/cmTC_735bd.dir/build.make:97: recipe for target 'cmTC_735bd' failed
make[1]: *** [cmTC_735bd] Error 1
make[1]: Leaving directory '/home/swarmie/RMC/build/rosserial_arduino/CMakeFiles/CMakeTmp'
Makefile:126: recipe for target 'cmTC_735bd/fast' failed
make: *** [cmTC_735bd/fast] Error 2

File /home/swarmie/RMC/build/rosserial_arduino/CMakeFiles/CMakeTmp/CheckSymbolExists.c:
/* */
#include <pthread.h>

int main(int argc, char** argv)
{
  (void)argv;
#ifndef pthread_create
  return ((int*)(&pthread_create))[argc];
#else
  (void)argc;
  return 0;
#endif
}

Determining if the function pthread_create exists in the pthreads failed with the following output:
Change Dir: /home/swarmie/RMC/build/rosserial_arduino/CMakeFiles/CMakeTmp

Run Build Command:"/usr/bin/make" "cmTC_c90ef/fast"
/usr/bin/make -f CMakeFiles/cmTC_c90ef.dir/build.make CMakeFiles/cmTC_c90ef.dir/build
make[1]: Entering directory '/home/swarmie/RMC/build/rosserial_arduino/CMakeFiles/CMakeTmp'
Building C object CMakeFiles/cmTC_c90ef.dir/CheckFunctionExists.c.o
/usr/bin/cc    -DCHECK_FUNCTION_EXISTS=pthread_create   -o CMakeFiles/cmTC_c90ef.dir/CheckFunctionExists.c.o   -c /usr/share/cmake-3.5/Modules/CheckFunctionExists.c
Linking C executable cmTC_c90ef
/usr/bin/cmake -E cmake_link_script CMakeFiles/cmTC_c90ef.dir/link.txt --verbose=1
/usr/bin/cc   -DCHECK_FUNCTION_EXISTS=pthread_create    CMakeFiles/cmTC_c90ef.dir/CheckFunctionExists.c.o  -o cmTC_c90ef -rdynamic -lpthreads 
/usr/bin/ld: cannot find -lpthreads
collect2: error: ld returned 1 exit status
CMakeFiles/cmTC_c90ef.dir/build.make:97: recipe for target 'cmTC_c90ef' failed
make[1]: *** [cmTC_c90ef] Error 1
make[1]: Leaving directory '/home/swarmie/RMC/build/rosserial_arduino/CMakeFiles/CMakeTmp'
Makefile:126: recipe for target 'cmTC_c90ef/fast' failed
make: *** [cmTC_c90ef/fast] Error 2


